<?xml version="1.0" encoding="UTF-8"?>
<!-- Generated by org.testng.reporters.JUnitReportReporter -->
<testsuite hostname="DESKTOP-M3CTPI1" failures="0" tests="1" name="Combination.Merger.SearchOptions" time="0.276" errors="0" timestamp="2021-06-11T18:50:36 IST" skipped="0">
  <testcase classname="Combination.Merger.SearchOptions" name="searchVideo" time="0.276"/>
  <system-out/>
</testsuite> <!-- Combination.Merger.SearchOptions -->
